<?xml version="1.0" encoding="UTF-8"?>
<!-- Generated by org.testng.reporters.JUnitReportReporter -->
<testsuite hostname="WLW8-AJITHG" name="GIT_Test.gitTest" tests="1" failures="0" timestamp="19 Nov 2015 02:44:20 GMT" time="0.013" errors="0">
  <testcase name="test" time="0.013" classname="GIT_Test.gitTest"/>
</testsuite> <!-- GIT_Test.gitTest -->
